INFO: ------------------------------------------ -- 2022-12-01 04:08:52 PM
INFO: Scan started -- 2022-12-01 04:08:52 PM
INFO: Script Version : 1.0 -- 2022-12-01 04:08:52 PM
INFO: ------------------------------------------ -- 2022-12-01 04:11:20 PM
INFO: Scan started -- 2022-12-01 04:11:20 PM
INFO: Script Version : 1.0 -- 2022-12-01 04:11:20 PM
INFO: ------------------------------------------ -- 2022-12-01 04:11:30 PM
INFO: Scan started -- 2022-12-01 04:11:30 PM
INFO: Script Version : 1.0 -- 2022-12-01 04:11:30 PM
INFO: ------------------------------------------ -- 2022-12-01 04:18:34 PM
INFO: Scan started -- 2022-12-01 04:18:34 PM
INFO: Script Version : 1.0 -- 2022-12-01 04:18:34 PM
INFO: ------------------------------------------ -- 2022-12-01 04:24:03 PM
INFO: Scan started -- 2022-12-01 04:24:03 PM
INFO: Script Version : 1.0 -- 2022-12-01 04:24:03 PM
INFO: ------------------------------------------ -- 2022-12-02 11:29:41 AM
INFO: Scan started -- 2022-12-02 11:29:41 AM
INFO: Script Version : 1.0 -- 2022-12-02 11:29:41 AM
INFO: ------------------------------------------ -- 2022-12-02 11:30:12 AM
INFO: Scan started -- 2022-12-02 11:30:12 AM
INFO: Script Version : 1.0 -- 2022-12-02 11:30:12 AM
INFO: ------------------------------------------ -- 2022-12-02 11:30:32 AM
INFO: Scan started -- 2022-12-02 11:30:32 AM
INFO: Script Version : 1.0 -- 2022-12-02 11:30:32 AM
INFO: ------------------------------------------ -- 2022-12-02 11:31:05 AM
INFO: Scan started -- 2022-12-02 11:31:05 AM
INFO: Script Version : 1.0 -- 2022-12-02 11:31:05 AM
INFO: ------------------------------------------ -- 2022-12-02 11:31:31 AM
INFO: Scan started -- 2022-12-02 11:31:31 AM
INFO: Script Version : 1.0 -- 2022-12-02 11:31:31 AM
INFO: ------------------------------------------ -- 2022-12-02 11:33:17 AM
INFO: Scan started -- 2022-12-02 11:33:17 AM
INFO: Script Version : 1.0 -- 2022-12-02 11:33:17 AM
INFO: ------------------------------------------ -- 2022-12-02 11:34:10 AM
INFO: Scan started -- 2022-12-02 11:34:10 AM
INFO: Script Version : 1.0 -- 2022-12-02 11:34:10 AM
INFO: ------------------------------------------ -- 2022-12-02 11:34:22 AM
INFO: Scan started -- 2022-12-02 11:34:22 AM
INFO: Script Version : 1.0 -- 2022-12-02 11:34:22 AM
INFO: ------------------------------------------ -- 2022-12-02 11:36:16 AM
INFO: Scan started -- 2022-12-02 11:36:16 AM
INFO: Script Version : 1.0 -- 2022-12-02 11:36:16 AM
INFO: ------------------------------------------ -- 2022-12-02 11:37:00 AM
INFO: Scan started -- 2022-12-02 11:37:00 AM
INFO: Script Version : 1.0 -- 2022-12-02 11:37:00 AM
INFO: ------------------------------------------ -- 2022-12-02 11:37:06 AM
INFO: Scan started -- 2022-12-02 11:37:06 AM
INFO: Script Version : 1.0 -- 2022-12-02 11:37:06 AM
INFO: ------------------------------------------ -- 2022-12-02 11:41:44 AM
INFO: Scan started -- 2022-12-02 11:41:44 AM
INFO: Script Version : 1.0 -- 2022-12-02 11:41:44 AM
INFO: ------------------------------------------ -- 2022-12-02 11:50:33 AM
INFO: Scan started -- 2022-12-02 11:50:33 AM
INFO: Script Version : 1.0 -- 2022-12-02 11:50:33 AM
INFO: ------------------------------------------ -- 2022-12-02 11:55:21 AM
INFO: Scan started -- 2022-12-02 11:55:21 AM
INFO: Script Version : 1.0 -- 2022-12-02 11:55:21 AM
INFO: ------------------------------------------ -- 2022-12-02 11:56:02 AM
INFO: Scan started -- 2022-12-02 11:56:02 AM
INFO: Script Version : 1.0 -- 2022-12-02 11:56:02 AM
INFO: ------------------------------------------ -- 2022-12-02 12:14:00 PM
INFO: Scan started -- 2022-12-02 12:14:00 PM
INFO: Script Version : 1.0 -- 2022-12-02 12:14:00 PM
INFO: ------------------------------------------ -- 2022-12-02 12:37:52 PM
INFO: Scan started -- 2022-12-02 12:37:52 PM
INFO: Script Version : 1.0 -- 2022-12-02 12:37:52 PM
INFO: ------------------------------------------ -- 2022-12-02 03:58:01 PM
INFO: Scan started -- 2022-12-02 03:58:01 PM
INFO: Script Version : 1.0 -- 2022-12-02 03:58:01 PM
