INFO: ------------------------------------------ -- 2021-02-02 02:54:51 AM
INFO: Scan started -- 2021-02-02 02:54:51 AM
INFO: Script Version : 1.0 -- 2021-02-02 02:54:51 AM
ERROR: No such file found in the directory. -- 2021-02-02 02:54:51 AM
INFO: Finished at: 02/02/2021 02:54:51 -- 2021-02-02 02:54:51 AM
INFO: ------------------------------------------ -- 2021-02-02 02:55:09 AM
INFO: Scan started -- 2021-02-02 02:55:09 AM
INFO: Script Version : 1.0 -- 2021-02-02 02:55:09 AM
ERROR: No such file found in the directory. -- 2021-02-02 02:55:09 AM
INFO: Finished at: 02/02/2021 02:55:09 -- 2021-02-02 02:55:09 AM
INFO: ------------------------------------------ -- 2021-02-02 02:55:28 AM
INFO: Scan started -- 2021-02-02 02:55:28 AM
INFO: Script Version : 1.0 -- 2021-02-02 02:55:28 AM
ERROR: No such file found in the directory. -- 2021-02-02 02:55:28 AM
INFO: Finished at: 02/02/2021 02:55:28 -- 2021-02-02 02:55:28 AM
INFO: ------------------------------------------ -- 2021-02-02 02:56:25 AM
INFO: Scan started -- 2021-02-02 02:56:25 AM
INFO: Script Version : 1.0 -- 2021-02-02 02:56:25 AM
ERROR: No such file found in the directory. -- 2021-02-02 02:56:25 AM
INFO: Finished at: 02/02/2021 02:56:25 -- 2021-02-02 02:56:25 AM
INFO: ------------------------------------------ -- 2021-02-02 02:56:48 AM
INFO: Scan started -- 2021-02-02 02:56:48 AM
INFO: Script Version : 1.0 -- 2021-02-02 02:56:48 AM
ERROR: No such file found in the directory. -- 2021-02-02 02:56:48 AM
INFO: Finished at: 02/02/2021 02:56:48 -- 2021-02-02 02:56:48 AM
INFO: ------------------------------------------ -- 2021-02-02 02:56:52 AM
INFO: Scan started -- 2021-02-02 02:56:52 AM
INFO: Script Version : 1.0 -- 2021-02-02 02:56:52 AM
ERROR: No such file found in the directory. -- 2021-02-02 02:56:52 AM
INFO: Finished at: 02/02/2021 02:56:52 -- 2021-02-02 02:56:52 AM
INFO: ------------------------------------------ -- 2021-02-02 02:57:11 AM
INFO: Scan started -- 2021-02-02 02:57:11 AM
INFO: Script Version : 1.0 -- 2021-02-02 02:57:11 AM
ERROR: No such file found in the directory. -- 2021-02-02 02:57:11 AM
INFO: Finished at: 02/02/2021 02:57:11 -- 2021-02-02 02:57:11 AM
INFO: ------------------------------------------ -- 2021-02-05 07:14:39 PM
INFO: Scan started -- 2021-02-05 07:14:39 PM
INFO: Script Version : 1.0 -- 2021-02-05 07:14:39 PM
ERROR: No such file found in the directory. -- 2021-02-05 07:14:39 PM
INFO: Finished at: 05/02/2021 19:14:39 -- 2021-02-05 07:14:39 PM
INFO: ------------------------------------------ -- 2021-02-05 07:14:44 PM
INFO: Scan started -- 2021-02-05 07:14:44 PM
INFO: Script Version : 1.0 -- 2021-02-05 07:14:44 PM
ERROR: No such file found in the directory. -- 2021-02-05 07:14:44 PM
INFO: Finished at: 05/02/2021 19:14:44 -- 2021-02-05 07:14:44 PM
INFO: ------------------------------------------ -- 2021-02-05 07:14:48 PM
INFO: Scan started -- 2021-02-05 07:14:48 PM
INFO: Script Version : 1.0 -- 2021-02-05 07:14:48 PM
ERROR: No such file found in the directory. -- 2021-02-05 07:14:48 PM
INFO: Finished at: 05/02/2021 19:14:48 -- 2021-02-05 07:14:48 PM
INFO: ------------------------------------------ -- 2021-02-05 07:14:59 PM
INFO: Scan started -- 2021-02-05 07:14:59 PM
INFO: Script Version : 1.0 -- 2021-02-05 07:14:59 PM
ERROR: No such file found in the directory. -- 2021-02-05 07:14:59 PM
INFO: Finished at: 05/02/2021 19:14:59 -- 2021-02-05 07:14:59 PM
INFO: ------------------------------------------ -- 2021-02-05 07:17:13 PM
INFO: Scan started -- 2021-02-05 07:17:13 PM
INFO: Script Version : 1.0 -- 2021-02-05 07:17:13 PM
INFO: latest file identified : E:\GFSU\ArmorCode Internship\sample-scan-files-master\bandit\bandit_vulpy.json -- 2021-02-05 07:17:13 PM
ERROR: Signed Url not generated. -- 2021-02-05 07:17:14 PM
INFO: Finished at: 05/02/2021 19:17:14 -- 2021-02-05 07:17:14 PM
INFO: ------------------------------------------ -- 2021-02-05 07:18:54 PM
INFO: Scan started -- 2021-02-05 07:18:54 PM
INFO: Script Version : 1.0 -- 2021-02-05 07:18:54 PM
INFO: latest file identified : E:/GFSU/ArmorCode Internship/sample-scan-files-master/bandit\bandit_vulpy.json -- 2021-02-05 07:18:54 PM
ERROR: Signed Url not generated. -- 2021-02-05 07:18:55 PM
INFO: Finished at: 05/02/2021 19:18:55 -- 2021-02-05 07:18:55 PM
INFO: ------------------------------------------ -- 2021-02-05 07:54:47 PM
INFO: Scan started -- 2021-02-05 07:54:47 PM
INFO: Script Version : 1.0 -- 2021-02-05 07:54:47 PM
INFO: latest file identified : E:/GFSU/ArmorCode Internship/sample-scan-files-master/bandit\bandit_vulpy.json -- 2021-02-05 07:54:47 PM
ERROR: Signed Url not generated. -- 2021-02-05 07:54:48 PM
INFO: Finished at: 05/02/2021 19:54:48 -- 2021-02-05 07:54:48 PM
INFO: ------------------------------------------ -- 2021-02-05 08:10:15 PM
INFO: Scan started -- 2021-02-05 08:10:15 PM
INFO: Script Version : 1.0 -- 2021-02-05 08:10:15 PM
INFO: latest file identified : E:\GFSU\ArmorCode Internship\sample-scan-files-master\bandit\bandit_vulpy.json -- 2021-02-05 08:10:15 PM
ERROR: Signed Url not generated. -- 2021-02-05 08:10:17 PM
INFO: Finished at: 05/02/2021 20:10:17 -- 2021-02-05 08:10:17 PM
